  game.cpp
C:\Users\jarbe\Documents\cse230\CSE230W02\wk4\lab04ApolloVisuals\230.03.Lab.GLDemo\thrust.h(28,14): error C2061: syntax error: identifier 'UI'
C:\Users\jarbe\Documents\cse230\CSE230W02\wk4\lab04ApolloVisuals\230.03.Lab.GLDemo\velocity.h(11,1): error C2236: unexpected token 'class'. Did you forget a ';'?
C:\Users\jarbe\Documents\cse230\CSE230W02\wk4\lab04ApolloVisuals\230.03.Lab.GLDemo\velocity.h(13,1): error C2059: syntax error: '{'
C:\Users\jarbe\Documents\cse230\CSE230W02\wk4\lab04ApolloVisuals\230.03.Lab.GLDemo\velocity.h(13,1): error C2143: syntax error: missing ';' before '{'
C:\Users\jarbe\Documents\cse230\CSE230W02\wk4\lab04ApolloVisuals\230.03.Lab.GLDemo\velocity.h(13,1): error C2447: '{': missing function header (old-style formal list?)
C:\Users\jarbe\Documents\cse230\CSE230W02\wk4\lab04ApolloVisuals\230.03.Lab.GLDemo\lander.h(22,1): error C2236: unexpected token 'class'. Did you forget a ';'?
C:\Users\jarbe\Documents\cse230\CSE230W02\wk4\lab04ApolloVisuals\230.03.Lab.GLDemo\lander.h(23,1): error C2059: syntax error: '{'
C:\Users\jarbe\Documents\cse230\CSE230W02\wk4\lab04ApolloVisuals\230.03.Lab.GLDemo\lander.h(23,1): error C2143: syntax error: missing ';' before '{'
C:\Users\jarbe\Documents\cse230\CSE230W02\wk4\lab04ApolloVisuals\230.03.Lab.GLDemo\lander.h(23,1): error C2447: '{': missing function header (old-style formal list?)
C:\Users\jarbe\Documents\cse230\CSE230W02\wk4\lab04ApolloVisuals\230.03.Lab.GLDemo\game.h(32,12): error C3646: 'lander': unknown override specifier
C:\Users\jarbe\Documents\cse230\CSE230W02\wk4\lab04ApolloVisuals\230.03.Lab.GLDemo\game.h(32,18): error C4430: missing type specifier - int assumed. Note: C++ does not support default-int
C:\Users\jarbe\Documents\cse230\CSE230W02\wk4\lab04ApolloVisuals\230.03.Lab.GLDemo\game.cpp(17,8): error C2665: 'Sky::Sky': no overloaded function could convert all the argument types
C:\Users\jarbe\Documents\cse230\CSE230W02\wk4\lab04ApolloVisuals\230.03.Lab.GLDemo\sky.h(29,1): message : could be 'Sky::Sky(Sky &&)'
C:\Users\jarbe\Documents\cse230\CSE230W02\wk4\lab04ApolloVisuals\230.03.Lab.GLDemo\game.cpp(17,8): message : 'Sky::Sky(Sky &&)': cannot convert argument 1 from 'Point' to 'Sky &&'
C:\Users\jarbe\Documents\cse230\CSE230W02\wk4\lab04ApolloVisuals\230.03.Lab.GLDemo\game.cpp(17,9): message : Reason: cannot convert from 'Point' to 'Sky'
C:\Users\jarbe\Documents\cse230\CSE230W02\wk4\lab04ApolloVisuals\230.03.Lab.GLDemo\game.cpp(17,9): message : No user-defined-conversion operator available that can perform this conversion, or the operator cannot be called
C:\Users\jarbe\Documents\cse230\CSE230W02\wk4\lab04ApolloVisuals\230.03.Lab.GLDemo\sky.h(29,1): message : or       'Sky::Sky(const Sky &)'
C:\Users\jarbe\Documents\cse230\CSE230W02\wk4\lab04ApolloVisuals\230.03.Lab.GLDemo\game.cpp(17,8): message : 'Sky::Sky(const Sky &)': cannot convert argument 1 from 'Point' to 'const Sky &'
C:\Users\jarbe\Documents\cse230\CSE230W02\wk4\lab04ApolloVisuals\230.03.Lab.GLDemo\game.cpp(17,9): message : Reason: cannot convert from 'Point' to 'const Sky'
C:\Users\jarbe\Documents\cse230\CSE230W02\wk4\lab04ApolloVisuals\230.03.Lab.GLDemo\game.cpp(17,9): message : No user-defined-conversion operator available that can perform this conversion, or the operator cannot be called
C:\Users\jarbe\Documents\cse230\CSE230W02\wk4\lab04ApolloVisuals\230.03.Lab.GLDemo\game.cpp(17,8): message : while trying to match the argument list '(Point)'
C:\Users\jarbe\Documents\cse230\CSE230W02\wk4\lab04ApolloVisuals\230.03.Lab.GLDemo\game.cpp(19,5): error C2614: 'Game': illegal member initialization: 'lander' is not a base or member
C:\Users\jarbe\Documents\cse230\CSE230W02\wk4\lab04ApolloVisuals\230.03.Lab.GLDemo\game.cpp(28,5): error C2065: 'lander': undeclared identifier
C:\Users\jarbe\Documents\cse230\CSE230W02\wk4\lab04ApolloVisuals\230.03.Lab.GLDemo\game.cpp(37,5): error C2065: 'lander': undeclared identifier
C:\Users\jarbe\Documents\cse230\CSE230W02\wk4\lab04ApolloVisuals\230.03.Lab.GLDemo\game.cpp(50,26): error C2065: 'lander': undeclared identifier
C:\Users\jarbe\Documents\cse230\CSE230W02\wk4\lab04ApolloVisuals\230.03.Lab.GLDemo\game.cpp(60,8): error C2660: 'Sky::draw': function does not take 1 arguments
C:\Users\jarbe\Documents\cse230\CSE230W02\wk4\lab04ApolloVisuals\230.03.Lab.GLDemo\sky.h(23,7): message : see declaration of 'Sky::draw'
C:\Users\jarbe\Documents\cse230\CSE230W02\wk4\lab04ApolloVisuals\230.03.Lab.GLDemo\game.cpp(60,8): message : while trying to match the argument list '(ogstream)'
C:\Users\jarbe\Documents\cse230\CSE230W02\wk4\lab04ApolloVisuals\230.03.Lab.GLDemo\game.cpp(64,5): error C2065: 'lander': undeclared identifier
  hud.cpp
C:\Users\jarbe\Documents\cse230\CSE230W02\wk4\lab04ApolloVisuals\230.03.Lab.GLDemo\thrust.h(28,14): error C2061: syntax error: identifier 'UI'
C:\Users\jarbe\Documents\cse230\CSE230W02\wk4\lab04ApolloVisuals\230.03.Lab.GLDemo\velocity.h(11,1): error C2236: unexpected token 'class'. Did you forget a ';'?
C:\Users\jarbe\Documents\cse230\CSE230W02\wk4\lab04ApolloVisuals\230.03.Lab.GLDemo\velocity.h(13,1): error C2059: syntax error: '{'
C:\Users\jarbe\Documents\cse230\CSE230W02\wk4\lab04ApolloVisuals\230.03.Lab.GLDemo\velocity.h(13,1): error C2143: syntax error: missing ';' before '{'
C:\Users\jarbe\Documents\cse230\CSE230W02\wk4\lab04ApolloVisuals\230.03.Lab.GLDemo\velocity.h(13,1): error C2447: '{': missing function header (old-style formal list?)
C:\Users\jarbe\Documents\cse230\CSE230W02\wk4\lab04ApolloVisuals\230.03.Lab.GLDemo\lander.h(22,1): error C2236: unexpected token 'class'. Did you forget a ';'?
C:\Users\jarbe\Documents\cse230\CSE230W02\wk4\lab04ApolloVisuals\230.03.Lab.GLDemo\lander.h(23,1): error C2059: syntax error: '{'
C:\Users\jarbe\Documents\cse230\CSE230W02\wk4\lab04ApolloVisuals\230.03.Lab.GLDemo\lander.h(23,1): error C2143: syntax error: missing ';' before '{'
C:\Users\jarbe\Documents\cse230\CSE230W02\wk4\lab04ApolloVisuals\230.03.Lab.GLDemo\lander.h(23,1): error C2447: '{': missing function header (old-style formal list?)
C:\Users\jarbe\Documents\cse230\CSE230W02\wk4\lab04ApolloVisuals\230.03.Lab.GLDemo\hud.cpp(4,6): error C2600: 'HUD::HUD': cannot define a compiler-generated special member function (must be declared in the class first)
C:\Users\jarbe\Documents\cse230\CSE230W02\wk4\lab04ApolloVisuals\230.03.Lab.GLDemo\hud.cpp(11,22): error C2065: 'lander': undeclared identifier
C:\Users\jarbe\Documents\cse230\CSE230W02\wk4\lab04ApolloVisuals\230.03.Lab.GLDemo\hud.cpp(12,19): error C2065: 'lander': undeclared identifier
C:\Users\jarbe\Documents\cse230\CSE230W02\wk4\lab04ApolloVisuals\230.03.Lab.GLDemo\hud.cpp(13,18): error C2065: 'lander': undeclared identifier
C:\Users\jarbe\Documents\cse230\CSE230W02\wk4\lab04ApolloVisuals\230.03.Lab.GLDemo\hud.cpp(14,19): error C2065: 'lander': undeclared identifier
  lander.cpp
C:\Users\jarbe\Documents\cse230\CSE230W02\wk4\lab04ApolloVisuals\230.03.Lab.GLDemo\thrust.h(28,14): error C2061: syntax error: identifier 'UI'
C:\Users\jarbe\Documents\cse230\CSE230W02\wk4\lab04ApolloVisuals\230.03.Lab.GLDemo\velocity.h(11,1): error C2236: unexpected token 'class'. Did you forget a ';'?
C:\Users\jarbe\Documents\cse230\CSE230W02\wk4\lab04ApolloVisuals\230.03.Lab.GLDemo\velocity.h(13,1): error C2059: syntax error: '{'
C:\Users\jarbe\Documents\cse230\CSE230W02\wk4\lab04ApolloVisuals\230.03.Lab.GLDemo\velocity.h(13,1): error C2143: syntax error: missing ';' before '{'
C:\Users\jarbe\Documents\cse230\CSE230W02\wk4\lab04ApolloVisuals\230.03.Lab.GLDemo\velocity.h(13,1): error C2447: '{': missing function header (old-style formal list?)
C:\Users\jarbe\Documents\cse230\CSE230W02\wk4\lab04ApolloVisuals\230.03.Lab.GLDemo\lander.h(22,1): error C2236: unexpected token 'class'. Did you forget a ';'?
C:\Users\jarbe\Documents\cse230\CSE230W02\wk4\lab04ApolloVisuals\230.03.Lab.GLDemo\lander.h(23,1): error C2059: syntax error: '{'
C:\Users\jarbe\Documents\cse230\CSE230W02\wk4\lab04ApolloVisuals\230.03.Lab.GLDemo\lander.h(23,1): error C2143: syntax error: missing ';' before '{'
C:\Users\jarbe\Documents\cse230\CSE230W02\wk4\lab04ApolloVisuals\230.03.Lab.GLDemo\lander.h(23,1): error C2447: '{': missing function header (old-style formal list?)
C:\Users\jarbe\Documents\cse230\CSE230W02\wk4\lab04ApolloVisuals\230.03.Lab.GLDemo\lander.cpp(13,1): error C2653: 'Lander': is not a class or namespace name
C:\Users\jarbe\Documents\cse230\CSE230W02\wk4\lab04ApolloVisuals\230.03.Lab.GLDemo\lander.cpp(15,2): error C4430: missing type specifier - int assumed. Note: C++ does not support default-int
C:\Users\jarbe\Documents\cse230\CSE230W02\wk4\lab04ApolloVisuals\230.03.Lab.GLDemo\lander.cpp(17,1): error C2550: 'Lander': constructor initializer lists are only allowed on constructor definitions
C:\Users\jarbe\Documents\cse230\CSE230W02\wk4\lab04ApolloVisuals\230.03.Lab.GLDemo\lander.cpp(17,2): warning C4508: 'Lander': function should return a value; 'void' return type assumed
C:\Users\jarbe\Documents\cse230\CSE230W02\wk4\lab04ApolloVisuals\230.03.Lab.GLDemo\lander.cpp(20,6): error C2653: 'Lander': is not a class or namespace name
C:\Users\jarbe\Documents\cse230\CSE230W02\wk4\lab04ApolloVisuals\230.03.Lab.GLDemo\lander.cpp(25,7): error C2653: 'Lander': is not a class or namespace name
C:\Users\jarbe\Documents\cse230\CSE230W02\wk4\lab04ApolloVisuals\230.03.Lab.GLDemo\lander.cpp(25,15): error C2270: 'getPosition': modifiers not allowed on nonmember functions
C:\Users\jarbe\Documents\cse230\CSE230W02\wk4\lab04ApolloVisuals\230.03.Lab.GLDemo\lander.cpp(27,9): error C2355: 'this': can only be referenced inside non-static member functions or non-static data member initializers
C:\Users\jarbe\Documents\cse230\CSE230W02\wk4\lab04ApolloVisuals\230.03.Lab.GLDemo\lander.cpp(30,5): error C2653: 'Lander': is not a class or namespace name
C:\Users\jarbe\Documents\cse230\CSE230W02\wk4\lab04ApolloVisuals\230.03.Lab.GLDemo\lander.cpp(30,13): error C2270: 'getFuel': modifiers not allowed on nonmember functions
C:\Users\jarbe\Documents\cse230\CSE230W02\wk4\lab04ApolloVisuals\230.03.Lab.GLDemo\lander.cpp(32,9): error C2355: 'this': can only be referenced inside non-static member functions or non-static data member initializers
C:\Users\jarbe\Documents\cse230\CSE230W02\wk4\lab04ApolloVisuals\230.03.Lab.GLDemo\lander.cpp(36,6): error C2653: 'Lander': is not a class or namespace name
C:\Users\jarbe\Documents\cse230\CSE230W02\wk4\lab04ApolloVisuals\230.03.Lab.GLDemo\lander.cpp(38,5): error C2355: 'this': can only be referenced inside non-static member functions or non-static data member initializers
C:\Users\jarbe\Documents\cse230\CSE230W02\wk4\lab04ApolloVisuals\230.03.Lab.GLDemo\lander.cpp(41,6): error C2653: 'Lander': is not a class or namespace name
C:\Users\jarbe\Documents\cse230\CSE230W02\wk4\lab04ApolloVisuals\230.03.Lab.GLDemo\lander.cpp(41,14): error C2270: 'getStatus': modifiers not allowed on nonmember functions
C:\Users\jarbe\Documents\cse230\CSE230W02\wk4\lab04ApolloVisuals\230.03.Lab.GLDemo\lander.cpp(43,9): error C2355: 'this': can only be referenced inside non-static member functions or non-static data member initializers
C:\Users\jarbe\Documents\cse230\CSE230W02\wk4\lab04ApolloVisuals\230.03.Lab.GLDemo\lander.cpp(49,6): error C2653: 'Lander': is not a class or namespace name
C:\Users\jarbe\Documents\cse230\CSE230W02\wk4\lab04ApolloVisuals\230.03.Lab.GLDemo\lander.cpp(51,2): error C2355: 'this': can only be referenced inside non-static member functions or non-static data member initializers
C:\Users\jarbe\Documents\cse230\CSE230W02\wk4\lab04ApolloVisuals\230.03.Lab.GLDemo\lander.cpp(54,6): error C2653: 'Lander': is not a class or namespace name
C:\Users\jarbe\Documents\cse230\CSE230W02\wk4\lab04ApolloVisuals\230.03.Lab.GLDemo\lander.cpp(54,14): error C2270: 'draw': modifiers not allowed on nonmember functions
C:\Users\jarbe\Documents\cse230\CSE230W02\wk4\lab04ApolloVisuals\230.03.Lab.GLDemo\lander.cpp(56,22): error C2065: 'angle': undeclared identifier
C:\Users\jarbe\Documents\cse230\CSE230W02\wk4\lab04ApolloVisuals\230.03.Lab.GLDemo\lander.cpp(59,21): error C2065: 'position': undeclared identifier
C:\Users\jarbe\Documents\cse230\CSE230W02\wk4\lab04ApolloVisuals\230.03.Lab.GLDemo\lander.cpp(60,27): error C2065: 'position': undeclared identifier
C:\Users\jarbe\Documents\cse230\CSE230W02\wk4\lab04ApolloVisuals\230.03.Lab.GLDemo\lander.cpp(65,6): error C2653: 'Lander': is not a class or namespace name
C:\Users\jarbe\Documents\cse230\CSE230W02\wk4\lab04ApolloVisuals\230.03.Lab.GLDemo\lander.cpp(73,13): error C2065: 'angle': undeclared identifier
C:\Users\jarbe\Documents\cse230\CSE230W02\wk4\lab04ApolloVisuals\230.03.Lab.GLDemo\lander.cpp(76,13): error C2065: 'angle': undeclared identifier
C:\Users\jarbe\Documents\cse230\CSE230W02\wk4\lab04ApolloVisuals\230.03.Lab.GLDemo\lander.cpp(83,17): error C2065: 'position': undeclared identifier
C:\Users\jarbe\Documents\cse230\CSE230W02\wk4\lab04ApolloVisuals\230.03.Lab.GLDemo\lander.cpp(86,17): error C2065: 'position': undeclared identifier
C:\Users\jarbe\Documents\cse230\CSE230W02\wk4\lab04ApolloVisuals\230.03.Lab.GLDemo\lander.cpp(97,6): error C2653: 'Lander': is not a class or namespace name
C:\Users\jarbe\Documents\cse230\CSE230W02\wk4\lab04ApolloVisuals\230.03.Lab.GLDemo\lander.cpp(101,6): error C2653: 'Lander': is not a class or namespace name
C:\Users\jarbe\Documents\cse230\CSE230W02\wk4\lab04ApolloVisuals\230.03.Lab.GLDemo\lander.cpp(105,6): error C2653: 'Lander': is not a class or namespace name
  main.cpp
C:\Users\jarbe\Documents\cse230\CSE230W02\wk4\lab04ApolloVisuals\230.03.Lab.GLDemo\thrust.h(28,14): error C2061: syntax error: identifier 'UI'
C:\Users\jarbe\Documents\cse230\CSE230W02\wk4\lab04ApolloVisuals\230.03.Lab.GLDemo\velocity.h(11,1): error C2236: unexpected token 'class'. Did you forget a ';'?
C:\Users\jarbe\Documents\cse230\CSE230W02\wk4\lab04ApolloVisuals\230.03.Lab.GLDemo\velocity.h(13,1): error C2059: syntax error: '{'
C:\Users\jarbe\Documents\cse230\CSE230W02\wk4\lab04ApolloVisuals\230.03.Lab.GLDemo\velocity.h(13,1): error C2143: syntax error: missing ';' before '{'
C:\Users\jarbe\Documents\cse230\CSE230W02\wk4\lab04ApolloVisuals\230.03.Lab.GLDemo\velocity.h(13,1): error C2447: '{': missing function header (old-style formal list?)
C:\Users\jarbe\Documents\cse230\CSE230W02\wk4\lab04ApolloVisuals\230.03.Lab.GLDemo\lander.h(22,1): error C2236: unexpected token 'class'. Did you forget a ';'?
C:\Users\jarbe\Documents\cse230\CSE230W02\wk4\lab04ApolloVisuals\230.03.Lab.GLDemo\lander.h(23,1): error C2059: syntax error: '{'
C:\Users\jarbe\Documents\cse230\CSE230W02\wk4\lab04ApolloVisuals\230.03.Lab.GLDemo\lander.h(23,1): error C2143: syntax error: missing ';' before '{'
C:\Users\jarbe\Documents\cse230\CSE230W02\wk4\lab04ApolloVisuals\230.03.Lab.GLDemo\lander.h(23,1): error C2447: '{': missing function header (old-style formal list?)
C:\Users\jarbe\Documents\cse230\CSE230W02\wk4\lab04ApolloVisuals\230.03.Lab.GLDemo\game.h(32,12): error C3646: 'lander': unknown override specifier
C:\Users\jarbe\Documents\cse230\CSE230W02\wk4\lab04ApolloVisuals\230.03.Lab.GLDemo\game.h(32,18): error C4430: missing type specifier - int assumed. Note: C++ does not support default-int
  angle.cpp
C:\Users\jarbe\Documents\cse230\CSE230W02\wk4\lab04ApolloVisuals\230.03.Lab.GLDemo\angle.cpp(24,1): error C2011: 'Angle': 'class' type redefinition
C:\Users\jarbe\Documents\cse230\CSE230W02\wk4\lab04ApolloVisuals\230.03.Lab.GLDemo\angle.h(19,7): message : see declaration of 'Angle'
  status.cpp
C:\Users\jarbe\Documents\cse230\CSE230W02\wk4\lab04ApolloVisuals\230.03.Lab.GLDemo\thrust.h(28,14): error C2061: syntax error: identifier 'UI'
C:\Users\jarbe\Documents\cse230\CSE230W02\wk4\lab04ApolloVisuals\230.03.Lab.GLDemo\velocity.h(11,1): error C2236: unexpected token 'class'. Did you forget a ';'?
C:\Users\jarbe\Documents\cse230\CSE230W02\wk4\lab04ApolloVisuals\230.03.Lab.GLDemo\velocity.h(13,1): error C2059: syntax error: '{'
C:\Users\jarbe\Documents\cse230\CSE230W02\wk4\lab04ApolloVisuals\230.03.Lab.GLDemo\velocity.h(13,1): error C2143: syntax error: missing ';' before '{'
C:\Users\jarbe\Documents\cse230\CSE230W02\wk4\lab04ApolloVisuals\230.03.Lab.GLDemo\velocity.h(13,1): error C2447: '{': missing function header (old-style formal list?)
C:\Users\jarbe\Documents\cse230\CSE230W02\wk4\lab04ApolloVisuals\230.03.Lab.GLDemo\lander.h(41,11): error C3646: 'velocity': unknown override specifier
C:\Users\jarbe\Documents\cse230\CSE230W02\wk4\lab04ApolloVisuals\230.03.Lab.GLDemo\lander.h(41,19): error C4430: missing type specifier - int assumed. Note: C++ does not support default-int
C:\Users\jarbe\Documents\cse230\CSE230W02\wk4\lab04ApolloVisuals\230.03.Lab.GLDemo\status.cpp(13,11): error C2533: 'Status::{ctor}': constructors not allowed a return type
C:\Users\jarbe\Documents\cse230\CSE230W02\wk4\lab04ApolloVisuals\230.03.Lab.GLDemo\status.cpp(45,2): error C2143: syntax error: missing ':' before 'return'
  thrust.cpp
C:\Users\jarbe\Documents\cse230\CSE230W02\wk4\lab04ApolloVisuals\230.03.Lab.GLDemo\thrust.h(28,14): error C2061: syntax error: identifier 'UI'
C:\Users\jarbe\Documents\cse230\CSE230W02\wk4\lab04ApolloVisuals\230.03.Lab.GLDemo\thrust.cpp(13,11): error C2533: 'Thrust::{ctor}': constructors not allowed a return type
C:\Users\jarbe\Documents\cse230\CSE230W02\wk4\lab04ApolloVisuals\230.03.Lab.GLDemo\thrust.cpp(43,22): error C2761: 'void Thrust::set(void)': redeclaration of member is not allowed
C:\Users\jarbe\Documents\cse230\CSE230W02\wk4\lab04ApolloVisuals\230.03.Lab.GLDemo\thrust.cpp(43,20): error C2065: 'UI': undeclared identifier
C:\Users\jarbe\Documents\cse230\CSE230W02\wk4\lab04ApolloVisuals\230.03.Lab.GLDemo\thrust.cpp(44,1): error C2143: syntax error: missing ';' before '{'
C:\Users\jarbe\Documents\cse230\CSE230W02\wk4\lab04ApolloVisuals\230.03.Lab.GLDemo\thrust.cpp(45,1): error C2059: syntax error: '}'
C:\Users\jarbe\Documents\cse230\CSE230W02\wk4\lab04ApolloVisuals\230.03.Lab.GLDemo\thrust.cpp(45,1): error C2143: syntax error: missing ';' before '}'
  velocity.cpp
C:\Users\jarbe\Documents\cse230\CSE230W02\wk4\lab04ApolloVisuals\230.03.Lab.GLDemo\velocity.cpp(34,20): error C2039: 'getSpeed': is not a member of 'Velocity'
C:\Users\jarbe\Documents\cse230\CSE230W02\wk4\lab04ApolloVisuals\230.03.Lab.GLDemo\velocity.h(11,7): message : see declaration of 'Velocity'
C:\Users\jarbe\Documents\cse230\CSE230W02\wk4\lab04ApolloVisuals\230.03.Lab.GLDemo\velocity.cpp(34,20): error C2270: 'getSpeed': modifiers not allowed on nonmember functions
  Generating Code...
